<?xml version="1.0" encoding="UTF-8"?>
<!-- Generated by org.testng.reporters.JUnitReportReporter -->
<testsuite hostname="Hp" name="folder3.C" tests="1" failures="0" timestamp="29 Feb 2016 00:05:44 GMT" time="0.010" errors="0">
  <testcase name="m3" time="0.010" classname="folder3.C"/>
</testsuite> <!-- folder3.C -->
