<?xml version="1.0" encoding="UTF-8"?>
<!-- Generated by org.testng.reporters.JUnitReportReporter -->
<testsuite hostname="Hp" name="folder1.A" tests="1" failures="0" timestamp="29 Feb 2016 06:56:01 GMT" time="0.020" errors="0">
  <testcase name="m1" time="0.020" classname="folder1.A"/>
</testsuite> <!-- folder1.A -->
